#
# There is insufficient memory for the Java Runtime Environment to continue.
# Native memory allocation (malloc) failed to allocate 1152656 bytes for Chunk::new
# Possible reasons:
#   The system is out of physical RAM or swap space
#   The process is running with CompressedOops enabled, and the Java Heap may be blocking the growth of the native heap
# Possible solutions:
#   Reduce memory load on the system
#   Increase physical memory or swap space
#   Check if swap backing store is full
#   Decrease Java heap size (-Xmx/-Xms)
#   Decrease number of Java threads
#   Decrease Java thread stack sizes (-Xss)
#   Set larger code cache with -XX:ReservedCodeCacheSize=
#   JVM is running with Unscaled Compressed Oops mode in which the Java heap is
#     placed in the first 4GB address space. The Java Heap base address is the
#     maximum limit for the native heap growth. Please use -XX:HeapBaseMinAddress
#     to set the Java Heap base and to place the Java Heap above 4GB virtual address.
# This output file may be truncated or incomplete.
#
#  Out of Memory Error (./src/hotspot/share/memory/arena.cpp:197), pid=20552, tid=2096
#
# JRE version: OpenJDK Runtime Environment (11.0.12+7) (build 11.0.12+7-b1504.28-7817840)
# Java VM: OpenJDK 64-Bit Server VM (11.0.12+7-b1504.28-7817840, mixed mode, tiered, compressed oops, g1 gc, windows-amd64)
# No core dump will be written. Minidumps are not enabled by default on client versions of Windows
#

---------------  S U M M A R Y ------------

Command Line: --add-opens=java.base/java.util=ALL-UNNAMED --add-opens=java.base/java.lang=ALL-UNNAMED --add-opens=java.base/java.lang.invoke=ALL-UNNAMED --add-opens=java.base/java.util=ALL-UNNAMED --add-opens=java.prefs/java.util.prefs=ALL-UNNAMED --add-opens=java.prefs/java.util.prefs=ALL-UNNAMED --add-opens=java.base/java.nio.charset=ALL-UNNAMED --add-opens=java.base/java.net=ALL-UNNAMED --add-opens=java.base/java.util.concurrent.atomic=ALL-UNNAMED -Xmx2048m -Dfile.encoding=UTF-8 -Duser.country=IN -Duser.language=en -Duser.variant org.gradle.launcher.daemon.bootstrap.GradleDaemon 7.0.2

Host: Intel(R) Core(TM) i5-8300H CPU @ 2.30GHz, 8 cores, 15G,  Windows 10 , 64 bit Build 19041 (10.0.19041.1889)
Time: Sun Sep 11 23:54:11 2022 India Standard Time elapsed time: 7.223781 seconds (0d 0h 0m 7s)

---------------  T H R E A D  ---------------

Current thread (0x0000017ffa02b000):  JavaThread "C2 CompilerThread0" daemon [_thread_in_native, id=2096, stack(0x0000007a4ea00000,0x0000007a4eb00000)]


Current CompileTask:
C2:   7223 6567       4       sun.reflect.generics.parser.SignatureParser::parsePackageNameAndSimpleClassTypeSignature (119 bytes)

Stack: [0x0000007a4ea00000,0x0000007a4eb00000]
Native frames: (J=compiled Java code, j=interpreted, Vv=VM code, C=native code)
V  [jvm.dll+0x5fbcea]
V  [jvm.dll+0x731905]
V  [jvm.dll+0x732f1d]
V  [jvm.dll+0x7335d3]
V  [jvm.dll+0x247bf8]
V  [jvm.dll+0xc018c]
V  [jvm.dll+0xc06cc]
V  [jvm.dll+0x35b31d]
V  [jvm.dll+0x19cebc]
V  [jvm.dll+0x20070e]
V  [jvm.dll+0x1ff794]
V  [jvm.dll+0x18868c]
V  [jvm.dll+0x20e0d7]
V  [jvm.dll+0x20c901]
V  [jvm.dll+0x6f9b7f]
V  [jvm.dll+0x6f26a5]
V  [jvm.dll+0x5fabf6]
C  [ucrtbase.dll+0x21bb2]
C  [KERNEL32.DLL+0x17034]
C  [ntdll.dll+0x52651]


---------------  P R O C E S S  ---------------

Threads class SMR info:
_java_thread_list=0x0000017ffa2a3100, length=52, elements={
0x0000017fee28e800, 0x0000017ff9747000, 0x0000017ff9748000, 0x0000017ffa022800,
0x0000017ffa023800, 0x0000017ffa025800, 0x0000017ffa02b000, 0x0000017ffa034800,
0x0000017ffa035800, 0x0000017ffa194800, 0x0000017ffba5e800, 0x0000017ffa283000,
0x0000017ffa57d800, 0x0000017ffcdca800, 0x0000017ffb988800, 0x0000017ffc1ac000,
0x0000017ffb4be000, 0x0000017ffc0b1000, 0x0000017ffc1c5000, 0x0000017ffb4df000,
0x0000017ffc1ad000, 0x0000017ffc1ae800, 0x0000017ffc1a9000, 0x0000017ffc1aa000,
0x0000017ffc1af800, 0x0000017ffc1ae000, 0x0000017ffc1aa800, 0x0000017ffc1ab800,
0x0000017ffe12f000, 0x0000017ffe12f800, 0x0000017ffe12e000, 0x0000017ffe12a000,
0x0000017ffe131800, 0x0000017ffe12c800, 0x0000017ffe12b800, 0x0000017ffe12d800,
0x0000017ffe134000, 0x0000017ffe134800, 0x0000017ffe135800, 0x0000017ffe138800,
0x0000017ffe137000, 0x0000017ffe136800, 0x0000017ffe138000, 0x0000017f90abd000,
0x0000017f90ab9800, 0x0000017f90abb800, 0x0000017f90abe000, 0x0000017f90aba800,
0x0000017f90abc000, 0x0000017f90abe800, 0x0000017f90ab9000, 0x0000017f90abf800
}

Java Threads: ( => current thread )
  0x0000017fee28e800 JavaThread "main" [_thread_blocked, id=13580, stack(0x0000007a4de00000,0x0000007a4df00000)]
  0x0000017ff9747000 JavaThread "Reference Handler" daemon [_thread_blocked, id=11532, stack(0x0000007a4e500000,0x0000007a4e600000)]
  0x0000017ff9748000 JavaThread "Finalizer" daemon [_thread_blocked, id=16852, stack(0x0000007a4e600000,0x0000007a4e700000)]
  0x0000017ffa022800 JavaThread "Signal Dispatcher" daemon [_thread_blocked, id=20732, stack(0x0000007a4e700000,0x0000007a4e800000)]
  0x0000017ffa023800 JavaThread "Attach Listener" daemon [_thread_blocked, id=476, stack(0x0000007a4e800000,0x0000007a4e900000)]
  0x0000017ffa025800 JavaThread "Service Thread" daemon [_thread_blocked, id=6588, stack(0x0000007a4e900000,0x0000007a4ea00000)]
=>0x0000017ffa02b000 JavaThread "C2 CompilerThread0" daemon [_thread_in_native, id=2096, stack(0x0000007a4ea00000,0x0000007a4eb00000)]
  0x0000017ffa034800 JavaThread "C1 CompilerThread0" daemon [_thread_blocked, id=10520, stack(0x0000007a4eb00000,0x0000007a4ec00000)]
  0x0000017ffa035800 JavaThread "Sweeper thread" daemon [_thread_blocked, id=20944, stack(0x0000007a4ec00000,0x0000007a4ed00000)]
  0x0000017ffa194800 JavaThread "Common-Cleaner" daemon [_thread_blocked, id=2524, stack(0x0000007a4ed00000,0x0000007a4ee00000)]
  0x0000017ffba5e800 JavaThread "Daemon health stats" [_thread_blocked, id=20080, stack(0x0000007a4f600000,0x0000007a4f700000)]
  0x0000017ffa283000 JavaThread "Incoming local TCP Connector on port 61517" [_thread_in_native, id=8968, stack(0x0000007a4ef00000,0x0000007a4f000000)]
  0x0000017ffa57d800 JavaThread "Daemon periodic checks" [_thread_blocked, id=11916, stack(0x0000007a4f000000,0x0000007a4f100000)]
  0x0000017ffcdca800 JavaThread "Daemon" [_thread_blocked, id=21000, stack(0x0000007a4f700000,0x0000007a4f800000)]
  0x0000017ffb988800 JavaThread "Handler for socket connection from /127.0.0.1:61517 to /127.0.0.1:61518" [_thread_in_native, id=15988, stack(0x0000007a4f800000,0x0000007a4f900000)]
  0x0000017ffc1ac000 JavaThread "C2 CompilerThread1" daemon [_thread_in_native, id=6624, stack(0x0000007a4f900000,0x0000007a4fa00000)]
  0x0000017ffb4be000 JavaThread "Cancel handler" [_thread_blocked, id=3148, stack(0x0000007a4fa00000,0x0000007a4fb00000)]
  0x0000017ffc0b1000 JavaThread "Daemon worker" [_thread_in_vm, id=6920, stack(0x0000007a4fb00000,0x0000007a4fc00000)]
  0x0000017ffc1c5000 JavaThread "Asynchronous log dispatcher for DefaultDaemonConnection: socket connection from /127.0.0.1:61517 to /127.0.0.1:61518" [_thread_blocked, id=13688, stack(0x0000007a4fc00000,0x0000007a4fd00000)]
  0x0000017ffb4df000 JavaThread "Stdin handler" [_thread_blocked, id=14192, stack(0x0000007a4fd00000,0x0000007a4fe00000)]
  0x0000017ffc1ad000 JavaThread "Daemon client event forwarder" [_thread_blocked, id=4428, stack(0x0000007a4fe00000,0x0000007a4ff00000)]
  0x0000017ffc1ae800 JavaThread "Cache worker for file hash cache (C:\Users\Mitul Agrawal\.gradle\caches\7.0.2\fileHashes)" [_thread_blocked, id=15536, stack(0x0000007a4ff00000,0x0000007a50000000)]
  0x0000017ffc1a9000 JavaThread "File lock request listener" [_thread_in_native, id=9372, stack(0x0000007a50000000,0x0000007a50100000)]
  0x0000017ffc1aa000 JavaThread "Cache worker for journal cache (C:\Users\Mitul Agrawal\.gradle\caches\journal-1)" [_thread_blocked, id=19232, stack(0x0000007a50400000,0x0000007a50500000)]
  0x0000017ffc1af800 JavaThread "Cache worker for file hash cache (C:\Users\Mitul Agrawal\AndroidStudioProjects\Trip-Planner\.gradle\7.0.2\fileHashes)" [_thread_blocked, id=8392, stack(0x0000007a50500000,0x0000007a50600000)]
  0x0000017ffc1ae000 JavaThread "File watcher server" daemon [_thread_in_native, id=21396, stack(0x0000007a50600000,0x0000007a50700000)]
  0x0000017ffc1aa800 JavaThread "File watcher consumer" daemon [_thread_blocked, id=10712, stack(0x0000007a50700000,0x0000007a50800000)]
  0x0000017ffc1ab800 JavaThread "Cache worker for checksums cache (C:\Users\Mitul Agrawal\AndroidStudioProjects\Trip-Planner\.gradle\checksums)" [_thread_blocked, id=10360, stack(0x0000007a50800000,0x0000007a50900000)]
  0x0000017ffe12f000 JavaThread "Cache worker for cache directory md-supplier (C:\Users\Mitul Agrawal\.gradle\caches\7.0.2\md-supplier)" [_thread_blocked, id=16284, stack(0x0000007a50900000,0x0000007a50a00000)]
  0x0000017ffe12f800 JavaThread "C2 CompilerThread2" daemon [_thread_in_native, id=15780, stack(0x0000007a50a00000,0x0000007a50b00000)]
  0x0000017ffe12e000 JavaThread "Cache worker for cache directory md-rule (C:\Users\Mitul Agrawal\.gradle\caches\7.0.2\md-rule)" [_thread_blocked, id=18316, stack(0x0000007a50b00000,0x0000007a50c00000)]
  0x0000017ffe12a000 JavaThread "Cache worker for execution history cache (C:\Users\Mitul Agrawal\.gradle\caches\7.0.2\executionHistory)" [_thread_blocked, id=8876, stack(0x0000007a50c00000,0x0000007a50d00000)]
  0x0000017ffe131800 JavaThread "jar transforms" [_thread_blocked, id=2012, stack(0x0000007a50d00000,0x0000007a50e00000)]
  0x0000017ffe12c800 JavaThread "jar transforms Thread 2" [_thread_blocked, id=20932, stack(0x0000007a50e00000,0x0000007a50f00000)]
  0x0000017ffe12b800 JavaThread "Cache worker for file content cache (C:\Users\Mitul Agrawal\.gradle\caches\7.0.2\fileContent)" [_thread_blocked, id=20612, stack(0x0000007a50f00000,0x0000007a51000000)]
  0x0000017ffe12d800 JavaThread "Cache worker for dependencies-accessors (C:\Users\Mitul Agrawal\AndroidStudioProjects\Trip-Planner\.gradle\7.0.2\dependencies-accessors)" [_thread_blocked, id=9800, stack(0x0000007a51000000,0x0000007a51100000)]
  0x0000017ffe134000 JavaThread "jar transforms Thread 3" [_thread_blocked, id=7540, stack(0x0000007a51100000,0x0000007a51200000)]
  0x0000017ffe134800 JavaThread "Cache worker for Build Output Cleanup Cache (C:\Users\Mitul Agrawal\AndroidStudioProjects\Trip-Planner\.gradle\buildOutputCleanup)" [_thread_blocked, id=11952, stack(0x0000007a51200000,0x0000007a51300000)]
  0x0000017ffe135800 JavaThread "Build operations" [_thread_blocked, id=10880, stack(0x0000007a51300000,0x0000007a51400000)]
  0x0000017ffe138800 JavaThread "Build operations Thread 2" [_thread_blocked, id=20832, stack(0x0000007a51400000,0x0000007a51500000)]
  0x0000017ffe137000 JavaThread "Build operations Thread 3" [_thread_blocked, id=15848, stack(0x0000007a51500000,0x0000007a51600000)]
  0x0000017ffe136800 JavaThread "Build operations Thread 4" [_thread_blocked, id=5300, stack(0x0000007a51600000,0x0000007a51700000)]
  0x0000017ffe138000 JavaThread "Build operations Thread 5" [_thread_blocked, id=5280, stack(0x0000007a51700000,0x0000007a51800000)]
  0x0000017f90abd000 JavaThread "Build operations Thread 6" [_thread_blocked, id=14368, stack(0x0000007a51800000,0x0000007a51900000)]
  0x0000017f90ab9800 JavaThread "Build operations Thread 7" [_thread_blocked, id=7244, stack(0x0000007a51900000,0x0000007a51a00000)]
  0x0000017f90abb800 JavaThread "Build operations Thread 8" [_thread_blocked, id=19976, stack(0x0000007a51a00000,0x0000007a51b00000)]
  0x0000017f90abe000 JavaThread "jar transforms Thread 4" [_thread_blocked, id=19936, stack(0x0000007a51b00000,0x0000007a51c00000)]
  0x0000017f90aba800 JavaThread "jar transforms Thread 5" [_thread_blocked, id=3092, stack(0x0000007a51c00000,0x0000007a51d00000)]
  0x0000017f90abc000 JavaThread "jar transforms Thread 6" [_thread_blocked, id=15008, stack(0x0000007a51d00000,0x0000007a51e00000)]
  0x0000017f90abe800 JavaThread "jar transforms Thread 7" [_thread_blocked, id=7148, stack(0x0000007a51e00000,0x0000007a51f00000)]
  0x0000017f90ab9000 JavaThread "jar transforms Thread 8" [_thread_blocked, id=15900, stack(0x0000007a51f00000,0x0000007a52000000)]
  0x0000017f90abf800 JavaThread "Memory manager" [_thread_blocked, id=6236, stack(0x0000007a52000000,0x0000007a52100000)]

Other Threads:
  0x0000017ff9fd4800 VMThread "VM Thread" [stack: 0x0000007a4e400000,0x0000007a4e500000] [id=19140]
  0x0000017ffa1ae000 WatcherThread [stack: 0x0000007a4ee00000,0x0000007a4ef00000] [id=9900]
  0x0000017fee2a6000 GCTaskThread "GC Thread#0" [stack: 0x0000007a4df00000,0x0000007a4e000000] [id=19724]
  0x0000017ffb142000 GCTaskThread "GC Thread#1" [stack: 0x0000007a4f100000,0x0000007a4f200000] [id=5688]
  0x0000017ffa754800 GCTaskThread "GC Thread#2" [stack: 0x0000007a4f200000,0x0000007a4f300000] [id=10256]
  0x0000017ffac1c800 GCTaskThread "GC Thread#3" [stack: 0x0000007a4f300000,0x0000007a4f400000] [id=2132]
  0x0000017ffb10e800 GCTaskThread "GC Thread#4" [stack: 0x0000007a4f400000,0x0000007a4f500000] [id=21180]
  0x0000017ffb00f800 GCTaskThread "GC Thread#5" [stack: 0x0000007a4f500000,0x0000007a4f600000] [id=21208]
  0x0000017ffcb98000 GCTaskThread "GC Thread#6" [stack: 0x0000007a50100000,0x0000007a50200000] [id=2392]
  0x0000017ffd49e800 GCTaskThread "GC Thread#7" [stack: 0x0000007a50200000,0x0000007a50300000] [id=12328]
  0x0000017fee2d6800 ConcurrentGCThread "G1 Main Marker" [stack: 0x0000007a4e000000,0x0000007a4e100000] [id=11020]
  0x0000017fee2d7800 ConcurrentGCThread "G1 Conc#0" [stack: 0x0000007a4e100000,0x0000007a4e200000] [id=6168]
  0x0000017ffb383800 ConcurrentGCThread "G1 Conc#1" [stack: 0x0000007a50300000,0x0000007a50400000] [id=480]
  0x0000017ff9605800 ConcurrentGCThread "G1 Refine#0" [stack: 0x0000007a4e200000,0x0000007a4e300000] [id=10756]
  0x0000017ff9606800 ConcurrentGCThread "G1 Young RemSet Sampling" [stack: 0x0000007a4e300000,0x0000007a4e400000] [id=11388]

Threads with active compile tasks:
C2 CompilerThread0   7245 6567       4       sun.reflect.generics.parser.SignatureParser::parsePackageNameAndSimpleClassTypeSignature (119 bytes)
C2 CompilerThread1   7245 6310 %     4       org.gradle.internal.instantiation.generator.AbstractClassGenerator::inspectType @ 341 (560 bytes)
C2 CompilerThread2   7245 6563       4       sun.reflect.generics.parser.SignatureParser::parseClassTypeSignature (118 bytes)

VM state:not at safepoint (normal execution)

VM Mutex/Monitor currently owned by a thread: None

Heap address: 0x0000000080000000, size: 2048 MB, Compressed Oops mode: 32-bit
Narrow klass base: 0x0000000000000000, Narrow klass shift: 3
Compressed class space size: 1073741824 Address: 0x0000000100000000

Heap:
 garbage-first heap   total 262144K, used 66434K [0x0000000080000000, 0x0000000100000000)
  region size 1024K, 25 young (25600K), 12 survivors (12288K)
 Metaspace       used 72818K, capacity 74581K, committed 74700K, reserved 1114112K
  class space    used 9444K, capacity 10094K, committed 10188K, reserved 1048576K
Heap Regions: E=young(eden), S=young(survivor), O=old, HS=humongous(starts), HC=humongous(continues), CS=collection set, F=free, A=archive, TAMS=top-at-mark-start (previous, next)
|   0|0x0000000080000000, 0x0000000080100000, 0x0000000080100000|100%| O|  |TAMS 0x0000000080100000, 0x0000000080000000| Untracked 
|   1|0x0000000080100000, 0x0000000080200000, 0x0000000080200000|100%| O|  |TAMS 0x0000000080200000, 0x0000000080100000| Untracked 
|   2|0x0000000080200000, 0x0000000080300000, 0x0000000080300000|100%| O|  |TAMS 0x0000000080300000, 0x0000000080200000| Untracked 
|   3|0x0000000080300000, 0x0000000080400000, 0x0000000080400000|100%|HS|  |TAMS 0x0000000080400000, 0x0000000080300000| Complete 
|   4|0x0000000080400000, 0x0000000080500000, 0x0000000080500000|100%|HC|  |TAMS 0x0000000080500000, 0x0000000080400000| Complete 
|   5|0x0000000080500000, 0x0000000080600000, 0x0000000080600000|100%|HC|  |TAMS 0x0000000080600000, 0x0000000080500000| Complete 
|   6|0x0000000080600000, 0x0000000080700000, 0x0000000080700000|100%| O|  |TAMS 0x0000000080700000, 0x0000000080600000| Untracked 
|   7|0x0000000080700000, 0x0000000080800000, 0x0000000080800000|100%| O|  |TAMS 0x0000000080800000, 0x0000000080700000| Untracked 
|   8|0x0000000080800000, 0x0000000080900000, 0x0000000080900000|100%| O|  |TAMS 0x0000000080900000, 0x0000000080800000| Untracked 
|   9|0x0000000080900000, 0x0000000080a00000, 0x0000000080a00000|100%| O|  |TAMS 0x0000000080a00000, 0x0000000080900000| Untracked 
|  10|0x0000000080a00000, 0x0000000080b00000, 0x0000000080b00000|100%| O|  |TAMS 0x0000000080b00000, 0x0000000080a00000| Untracked 
|  11|0x0000000080b00000, 0x0000000080c00000, 0x0000000080c00000|100%| O|  |TAMS 0x0000000080c00000, 0x0000000080b00000| Untracked 
|  12|0x0000000080c00000, 0x0000000080d00000, 0x0000000080d00000|100%| O|  |TAMS 0x0000000080d00000, 0x0000000080c00000| Untracked 
|  13|0x0000000080d00000, 0x0000000080e00000, 0x0000000080e00000|100%| O|  |TAMS 0x0000000080e00000, 0x0000000080d00000| Untracked 
|  14|0x0000000080e00000, 0x0000000080f00000, 0x0000000080f00000|100%| O|  |TAMS 0x0000000080f00000, 0x0000000080e00000| Untracked 
|  15|0x0000000080f00000, 0x0000000081000000, 0x0000000081000000|100%| O|  |TAMS 0x0000000081000000, 0x0000000080f00000| Untracked 
|  16|0x0000000081000000, 0x0000000081100000, 0x0000000081100000|100%|HS|  |TAMS 0x0000000081100000, 0x0000000081000000| Complete 
|  17|0x0000000081100000, 0x0000000081200000, 0x0000000081200000|100%|HS|  |TAMS 0x0000000081200000, 0x0000000081100000| Complete 
|  18|0x0000000081200000, 0x0000000081300000, 0x0000000081300000|100%|HS|  |TAMS 0x0000000081300000, 0x0000000081200000| Complete 
|  19|0x0000000081300000, 0x0000000081400000, 0x0000000081400000|100%|HC|  |TAMS 0x0000000081400000, 0x0000000081300000| Complete 
|  20|0x0000000081400000, 0x0000000081500000, 0x0000000081500000|100%| O|  |TAMS 0x0000000081500000, 0x0000000081400000| Untracked 
|  21|0x0000000081500000, 0x0000000081600000, 0x0000000081600000|100%| O|  |TAMS 0x0000000081600000, 0x0000000081500000| Untracked 
|  22|0x0000000081600000, 0x0000000081700000, 0x0000000081700000|100%| O|  |TAMS 0x0000000081700000, 0x0000000081600000| Untracked 
|  23|0x0000000081700000, 0x0000000081800000, 0x0000000081800000|100%| O|  |TAMS 0x0000000081800000, 0x0000000081700000| Untracked 
|  24|0x0000000081800000, 0x0000000081900000, 0x0000000081900000|100%| O|  |TAMS 0x00000000818bac00, 0x0000000081800000| Untracked 
|  25|0x0000000081900000, 0x0000000081900000, 0x0000000081a00000|  0%| F|  |TAMS 0x0000000081900000, 0x0000000081900000| Untracked 
|  26|0x0000000081a00000, 0x0000000081b00000, 0x0000000081b00000|100%| O|  |TAMS 0x0000000081a00000, 0x0000000081a00000| Untracked 
|  27|0x0000000081b00000, 0x0000000081c00000, 0x0000000081c00000|100%| O|  |TAMS 0x0000000081b00000, 0x0000000081b00000| Untracked 
|  28|0x0000000081c00000, 0x0000000081d00000, 0x0000000081d00000|100%| O|  |TAMS 0x0000000081c00000, 0x0000000081c00000| Untracked 
|  29|0x0000000081d00000, 0x0000000081e00000, 0x0000000081e00000|100%| O|  |TAMS 0x0000000081d00000, 0x0000000081d00000| Untracked 
|  30|0x0000000081e00000, 0x0000000081f00000, 0x0000000081f00000|100%| O|  |TAMS 0x0000000081e00000, 0x0000000081e00000| Untracked 
|  31|0x0000000081f00000, 0x0000000082000000, 0x0000000082000000|100%| O|  |TAMS 0x0000000081f00000, 0x0000000081f00000| Untracked 
|  32|0x0000000082000000, 0x0000000082100000, 0x0000000082100000|100%| O|  |TAMS 0x0000000082000000, 0x0000000082000000| Untracked 
|  33|0x0000000082100000, 0x0000000082200000, 0x0000000082200000|100%| O|  |TAMS 0x0000000082100000, 0x0000000082100000| Untracked 
|  34|0x0000000082200000, 0x0000000082300000, 0x0000000082300000|100%| O|  |TAMS 0x0000000082200000, 0x0000000082200000| Untracked 
|  35|0x0000000082300000, 0x0000000082400000, 0x0000000082400000|100%| O|  |TAMS 0x0000000082300000, 0x0000000082300000| Untracked 
|  36|0x0000000082400000, 0x0000000082500000, 0x0000000082500000|100%| O|  |TAMS 0x0000000082400000, 0x0000000082400000| Untracked 
|  37|0x0000000082500000, 0x0000000082600000, 0x0000000082600000|100%| O|  |TAMS 0x0000000082500000, 0x0000000082500000| Untracked 
|  38|0x0000000082600000, 0x0000000082700000, 0x0000000082700000|100%| O|  |TAMS 0x0000000082600000, 0x0000000082600000| Untracked 
|  39|0x0000000082700000, 0x0000000082800000, 0x0000000082800000|100%| O|  |TAMS 0x0000000082700000, 0x0000000082700000| Untracked 
|  40|0x0000000082800000, 0x0000000082900000, 0x0000000082900000|100%| O|  |TAMS 0x0000000082800000, 0x0000000082800000| Untracked 
|  41|0x0000000082900000, 0x0000000082a00000, 0x0000000082a00000|100%| O|  |TAMS 0x0000000082900000, 0x0000000082900000| Untracked 
|  42|0x0000000082a00000, 0x0000000082a8f200, 0x0000000082b00000| 55%| O|  |TAMS 0x0000000082a00000, 0x0000000082a00000| Untracked 
|  43|0x0000000082b00000, 0x0000000082b00000, 0x0000000082c00000|  0%| F|  |TAMS 0x0000000082b00000, 0x0000000082b00000| Untracked 
|  44|0x0000000082c00000, 0x0000000082c00000, 0x0000000082d00000|  0%| F|  |TAMS 0x0000000082c00000, 0x0000000082c00000| Untracked 
|  45|0x0000000082d00000, 0x0000000082d00000, 0x0000000082e00000|  0%| F|  |TAMS 0x0000000082d00000, 0x0000000082d00000| Untracked 
|  46|0x0000000082e00000, 0x0000000082e00000, 0x0000000082f00000|  0%| F|  |TAMS 0x0000000082e00000, 0x0000000082e00000| Untracked 
|  47|0x0000000082f00000, 0x0000000082f00000, 0x0000000083000000|  0%| F|  |TAMS 0x0000000082f00000, 0x0000000082f00000| Untracked 
|  48|0x0000000083000000, 0x0000000083000000, 0x0000000083100000|  0%| F|  |TAMS 0x0000000083000000, 0x0000000083000000| Untracked 
|  49|0x0000000083100000, 0x0000000083100000, 0x0000000083200000|  0%| F|  |TAMS 0x0000000083100000, 0x0000000083100000| Untracked 
|  50|0x0000000083200000, 0x0000000083200000, 0x0000000083300000|  0%| F|  |TAMS 0x0000000083200000, 0x0000000083200000| Untracked 
|  51|0x0000000083300000, 0x0000000083300000, 0x0000000083400000|  0%| F|  |TAMS 0x0000000083300000, 0x0000000083300000| Untracked 
|  52|0x0000000083400000, 0x0000000083400000, 0x0000000083500000|  0%| F|  |TAMS 0x0000000083400000, 0x0000000083400000| Untracked 
|  53|0x0000000083500000, 0x0000000083500000, 0x0000000083600000|  0%| F|  |TAMS 0x0000000083500000, 0x0000000083500000| Untracked 
|  54|0x0000000083600000, 0x0000000083600000, 0x0000000083700000|  0%| F|  |TAMS 0x0000000083600000, 0x0000000083600000| Untracked 
|  55|0x0000000083700000, 0x0000000083700000, 0x0000000083800000|  0%| F|  |TAMS 0x0000000083700000, 0x0000000083700000| Untracked 
|  56|0x0000000083800000, 0x0000000083800000, 0x0000000083900000|  0%| F|  |TAMS 0x0000000083800000, 0x0000000083800000| Untracked 
|  57|0x0000000083900000, 0x0000000083900000, 0x0000000083a00000|  0%| F|  |TAMS 0x0000000083900000, 0x0000000083900000| Untracked 
|  58|0x0000000083a00000, 0x0000000083a00000, 0x0000000083b00000|  0%| F|  |TAMS 0x0000000083a00000, 0x0000000083a00000| Untracked 
|  59|0x0000000083b00000, 0x0000000083b00000, 0x0000000083c00000|  0%| F|  |TAMS 0x0000000083b00000, 0x0000000083b00000| Untracked 
|  60|0x0000000083c00000, 0x0000000083c00000, 0x0000000083d00000|  0%| F|  |TAMS 0x0000000083c00000, 0x0000000083c00000| Untracked 
|  61|0x0000000083d00000, 0x0000000083d00000, 0x0000000083e00000|  0%| F|  |TAMS 0x0000000083d00000, 0x0000000083d00000| Untracked 
|  62|0x0000000083e00000, 0x0000000083e00000, 0x0000000083f00000|  0%| F|  |TAMS 0x0000000083e00000, 0x0000000083e00000| Untracked 
|  63|0x0000000083f00000, 0x0000000083f00000, 0x0000000084000000|  0%| F|  |TAMS 0x0000000083f00000, 0x0000000083f00000| Untracked 
|  64|0x0000000084000000, 0x0000000084000000, 0x0000000084100000|  0%| F|  |TAMS 0x0000000084000000, 0x0000000084000000| Untracked 
|  65|0x0000000084100000, 0x0000000084100000, 0x0000000084200000|  0%| F|  |TAMS 0x0000000084100000, 0x0000000084100000| Untracked 
|  66|0x0000000084200000, 0x0000000084200000, 0x0000000084300000|  0%| F|  |TAMS 0x0000000084200000, 0x0000000084200000| Untracked 
|  67|0x0000000084300000, 0x0000000084300000, 0x0000000084400000|  0%| F|  |TAMS 0x0000000084300000, 0x0000000084300000| Untracked 
|  68|0x0000000084400000, 0x0000000084400000, 0x0000000084500000|  0%| F|  |TAMS 0x0000000084400000, 0x0000000084400000| Untracked 
|  69|0x0000000084500000, 0x0000000084500000, 0x0000000084600000|  0%| F|  |TAMS 0x0000000084500000, 0x0000000084500000| Untracked 
|  70|0x0000000084600000, 0x0000000084600000, 0x0000000084700000|  0%| F|  |TAMS 0x0000000084600000, 0x0000000084600000| Untracked 
|  71|0x0000000084700000, 0x0000000084700000, 0x0000000084800000|  0%| F|  |TAMS 0x0000000084700000, 0x0000000084700000| Untracked 
|  72|0x0000000084800000, 0x0000000084800000, 0x0000000084900000|  0%| F|  |TAMS 0x0000000084800000, 0x0000000084800000| Untracked 
|  73|0x0000000084900000, 0x0000000084900000, 0x0000000084a00000|  0%| F|  |TAMS 0x0000000084900000, 0x0000000084900000| Untracked 
|  74|0x0000000084a00000, 0x0000000084a00000, 0x0000000084b00000|  0%| F|  |TAMS 0x0000000084a00000, 0x0000000084a00000| Untracked 
|  75|0x0000000084b00000, 0x0000000084b00000, 0x0000000084c00000|  0%| F|  |TAMS 0x0000000084b00000, 0x0000000084b00000| Untracked 
|  76|0x0000000084c00000, 0x0000000084c00000, 0x0000000084d00000|  0%| F|  |TAMS 0x0000000084c00000, 0x0000000084c00000| Untracked 
|  77|0x0000000084d00000, 0x0000000084d00000, 0x0000000084e00000|  0%| F|  |TAMS 0x0000000084d00000, 0x0000000084d00000| Untracked 
|  78|0x0000000084e00000, 0x0000000084e00000, 0x0000000084f00000|  0%| F|  |TAMS 0x0000000084e00000, 0x0000000084e00000| Untracked 
|  79|0x0000000084f00000, 0x0000000084f00000, 0x0000000085000000|  0%| F|  |TAMS 0x0000000084f00000, 0x0000000084f00000| Untracked 
|  80|0x0000000085000000, 0x0000000085000000, 0x0000000085100000|  0%| F|  |TAMS 0x0000000085000000, 0x0000000085000000| Untracked 
|  81|0x0000000085100000, 0x0000000085100000, 0x0000000085200000|  0%| F|  |TAMS 0x0000000085100000, 0x0000000085100000| Untracked 
|  82|0x0000000085200000, 0x0000000085200000, 0x0000000085300000|  0%| F|  |TAMS 0x0000000085200000, 0x0000000085200000| Untracked 
|  83|0x0000000085300000, 0x0000000085300000, 0x0000000085400000|  0%| F|  |TAMS 0x0000000085300000, 0x0000000085300000| Untracked 
|  84|0x0000000085400000, 0x0000000085400000, 0x0000000085500000|  0%| F|  |TAMS 0x0000000085400000, 0x0000000085400000| Untracked 
|  85|0x0000000085500000, 0x0000000085500000, 0x0000000085600000|  0%| F|  |TAMS 0x0000000085500000, 0x0000000085500000| Untracked 
|  86|0x0000000085600000, 0x0000000085600000, 0x0000000085700000|  0%| F|  |TAMS 0x0000000085600000, 0x0000000085600000| Untracked 
|  87|0x0000000085700000, 0x0000000085700000, 0x0000000085800000|  0%| F|  |TAMS 0x0000000085700000, 0x0000000085700000| Untracked 
|  88|0x0000000085800000, 0x0000000085800000, 0x0000000085900000|  0%| F|  |TAMS 0x0000000085800000, 0x0000000085800000| Untracked 
|  89|0x0000000085900000, 0x0000000085900000, 0x0000000085a00000|  0%| F|  |TAMS 0x0000000085900000, 0x0000000085900000| Untracked 
|  90|0x0000000085a00000, 0x0000000085a00000, 0x0000000085b00000|  0%| F|  |TAMS 0x0000000085a00000, 0x0000000085a00000| Untracked 
|  91|0x0000000085b00000, 0x0000000085b517a0, 0x0000000085c00000| 31%| S|CS|TAMS 0x0000000085b00000, 0x0000000085b00000| Complete 
|  92|0x0000000085c00000, 0x0000000085d00000, 0x0000000085d00000|100%| S|CS|TAMS 0x0000000085c00000, 0x0000000085c00000| Complete 
|  93|0x0000000085d00000, 0x0000000085e00000, 0x0000000085e00000|100%| S|CS|TAMS 0x0000000085d00000, 0x0000000085d00000| Complete 
|  94|0x0000000085e00000, 0x0000000085e00000, 0x0000000085f00000|  0%| F|  |TAMS 0x0000000085e00000, 0x0000000085e00000| Untracked 
|  95|0x0000000085f00000, 0x0000000085f00000, 0x0000000086000000|  0%| F|  |TAMS 0x0000000085f00000, 0x0000000085f00000| Untracked 
|  96|0x0000000086000000, 0x0000000086000000, 0x0000000086100000|  0%| F|  |TAMS 0x0000000086000000, 0x0000000086000000| Untracked 
|  97|0x0000000086100000, 0x0000000086100000, 0x0000000086200000|  0%| F|  |TAMS 0x0000000086100000, 0x0000000086100000| Untracked 
|  98|0x0000000086200000, 0x0000000086200000, 0x0000000086300000|  0%| F|  |TAMS 0x0000000086200000, 0x0000000086200000| Untracked 
|  99|0x0000000086300000, 0x0000000086300000, 0x0000000086400000|  0%| F|  |TAMS 0x0000000086300000, 0x0000000086300000| Untracked 
| 100|0x0000000086400000, 0x0000000086400000, 0x0000000086500000|  0%| F|  |TAMS 0x0000000086400000, 0x0000000086400000| Untracked 
| 101|0x0000000086500000, 0x0000000086500000, 0x0000000086600000|  0%| F|  |TAMS 0x0000000086500000, 0x0000000086500000| Untracked 
| 102|0x0000000086600000, 0x0000000086600000, 0x0000000086700000|  0%| F|  |TAMS 0x0000000086600000, 0x0000000086600000| Untracked 
| 103|0x0000000086700000, 0x0000000086700000, 0x0000000086800000|  0%| F|  |TAMS 0x0000000086700000, 0x0000000086700000| Untracked 
| 104|0x0000000086800000, 0x0000000086800000, 0x0000000086900000|  0%| F|  |TAMS 0x0000000086800000, 0x0000000086800000| Untracked 
| 105|0x0000000086900000, 0x0000000086900000, 0x0000000086a00000|  0%| F|  |TAMS 0x0000000086900000, 0x0000000086900000| Untracked 
| 106|0x0000000086a00000, 0x0000000086a00000, 0x0000000086b00000|  0%| F|  |TAMS 0x0000000086a00000, 0x0000000086a00000| Untracked 
| 107|0x0000000086b00000, 0x0000000086b00000, 0x0000000086c00000|  0%| F|  |TAMS 0x0000000086b00000, 0x0000000086b00000| Untracked 
| 108|0x0000000086c00000, 0x0000000086c00000, 0x0000000086d00000|  0%| F|  |TAMS 0x0000000086c00000, 0x0000000086c00000| Untracked 
| 109|0x0000000086d00000, 0x0000000086d00000, 0x0000000086e00000|  0%| F|  |TAMS 0x0000000086d00000, 0x0000000086d00000| Untracked 
| 110|0x0000000086e00000, 0x0000000086e00000, 0x0000000086f00000|  0%| F|  |TAMS 0x0000000086e00000, 0x0000000086e00000| Untracked 
| 111|0x0000000086f00000, 0x0000000086f00000, 0x0000000087000000|  0%| F|  |TAMS 0x0000000086f00000, 0x0000000086f00000| Untracked 
| 112|0x0000000087000000, 0x0000000087100000, 0x0000000087100000|100%| S|CS|TAMS 0x0000000087000000, 0x0000000087000000| Complete 
| 113|0x0000000087100000, 0x0000000087200000, 0x0000000087200000|100%| S|CS|TAMS 0x0000000087100000, 0x0000000087100000| Complete 
| 114|0x0000000087200000, 0x0000000087300000, 0x0000000087300000|100%| S|CS|TAMS 0x0000000087200000, 0x0000000087200000| Complete 
| 115|0x0000000087300000, 0x0000000087400000, 0x0000000087400000|100%| S|CS|TAMS 0x0000000087300000, 0x0000000087300000| Complete 
| 116|0x0000000087400000, 0x0000000087500000, 0x0000000087500000|100%| S|CS|TAMS 0x0000000087400000, 0x0000000087400000| Complete 
| 117|0x0000000087500000, 0x0000000087600000, 0x0000000087600000|100%| S|CS|TAMS 0x0000000087500000, 0x0000000087500000| Complete 
| 118|0x0000000087600000, 0x0000000087700000, 0x0000000087700000|100%| S|CS|TAMS 0x0000000087600000, 0x0000000087600000| Complete 
| 119|0x0000000087700000, 0x0000000087800000, 0x0000000087800000|100%| S|CS|TAMS 0x0000000087700000, 0x0000000087700000| Complete 
| 120|0x0000000087800000, 0x0000000087900000, 0x0000000087900000|100%| S|CS|TAMS 0x0000000087800000, 0x0000000087800000| Complete 
| 121|0x0000000087900000, 0x0000000087900000, 0x0000000087a00000|  0%| F|  |TAMS 0x0000000087900000, 0x0000000087900000| Untracked 
| 122|0x0000000087a00000, 0x0000000087a00000, 0x0000000087b00000|  0%| F|  |TAMS 0x0000000087a00000, 0x0000000087a00000| Untracked 
| 123|0x0000000087b00000, 0x0000000087b00000, 0x0000000087c00000|  0%| F|  |TAMS 0x0000000087b00000, 0x0000000087b00000| Untracked 
| 124|0x0000000087c00000, 0x0000000087c00000, 0x0000000087d00000|  0%| F|  |TAMS 0x0000000087c00000, 0x0000000087c00000| Untracked 
| 125|0x0000000087d00000, 0x0000000087d00000, 0x0000000087e00000|  0%| F|  |TAMS 0x0000000087d00000, 0x0000000087d00000| Untracked 
| 126|0x0000000087e00000, 0x0000000087e00000, 0x0000000087f00000|  0%| F|  |TAMS 0x0000000087e00000, 0x0000000087e00000| Untracked 
| 127|0x0000000087f00000, 0x0000000087f00000, 0x0000000088000000|  0%| F|  |TAMS 0x0000000087f00000, 0x0000000087f00000| Untracked 
| 128|0x0000000088000000, 0x0000000088000000, 0x0000000088100000|  0%| F|  |TAMS 0x0000000088000000, 0x0000000088000000| Untracked 
| 129|0x0000000088100000, 0x0000000088100000, 0x0000000088200000|  0%| F|  |TAMS 0x0000000088100000, 0x0000000088100000| Untracked 
| 130|0x0000000088200000, 0x0000000088200000, 0x0000000088300000|  0%| F|  |TAMS 0x0000000088200000, 0x0000000088200000| Untracked 
| 131|0x0000000088300000, 0x0000000088300000, 0x0000000088400000|  0%| F|  |TAMS 0x0000000088300000, 0x0000000088300000| Untracked 
| 132|0x0000000088400000, 0x0000000088400000, 0x0000000088500000|  0%| F|  |TAMS 0x0000000088400000, 0x0000000088400000| Untracked 
| 133|0x0000000088500000, 0x0000000088500000, 0x0000000088600000|  0%| F|  |TAMS 0x0000000088500000, 0x0000000088500000| Untracked 
| 134|0x0000000088600000, 0x0000000088600000, 0x0000000088700000|  0%| F|  |TAMS 0x0000000088600000, 0x0000000088600000| Untracked 
| 135|0x0000000088700000, 0x0000000088700000, 0x0000000088800000|  0%| F|  |TAMS 0x0000000088700000, 0x0000000088700000| Untracked 
| 136|0x0000000088800000, 0x0000000088800000, 0x0000000088900000|  0%| F|  |TAMS 0x0000000088800000, 0x0000000088800000| Untracked 
| 137|0x0000000088900000, 0x0000000088900000, 0x0000000088a00000|  0%| F|  |TAMS 0x0000000088900000, 0x0000000088900000| Untracked 
| 138|0x0000000088a00000, 0x0000000088a00000, 0x0000000088b00000|  0%| F|  |TAMS 0x0000000088a00000, 0x0000000088a00000| Untracked 
| 139|0x0000000088b00000, 0x0000000088b00000, 0x0000000088c00000|  0%| F|  |TAMS 0x0000000088b00000, 0x0000000088b00000| Untracked 
| 140|0x0000000088c00000, 0x0000000088c00000, 0x0000000088d00000|  0%| F|  |TAMS 0x0000000088c00000, 0x0000000088c00000| Untracked 
| 141|0x0000000088d00000, 0x0000000088d00000, 0x0000000088e00000|  0%| F|  |TAMS 0x0000000088d00000, 0x0000000088d00000| Untracked 
| 142|0x0000000088e00000, 0x0000000088e00000, 0x0000000088f00000|  0%| F|  |TAMS 0x0000000088e00000, 0x0000000088e00000| Untracked 
| 143|0x0000000088f00000, 0x0000000088f00000, 0x0000000089000000|  0%| F|  |TAMS 0x0000000088f00000, 0x0000000088f00000| Untracked 
| 144|0x0000000089000000, 0x0000000089000000, 0x0000000089100000|  0%| F|  |TAMS 0x0000000089000000, 0x0000000089000000| Untracked 
| 145|0x0000000089100000, 0x0000000089100000, 0x0000000089200000|  0%| F|  |TAMS 0x0000000089100000, 0x0000000089100000| Untracked 
| 146|0x0000000089200000, 0x0000000089200000, 0x0000000089300000|  0%| F|  |TAMS 0x0000000089200000, 0x0000000089200000| Untracked 
| 147|0x0000000089300000, 0x0000000089300000, 0x0000000089400000|  0%| F|  |TAMS 0x0000000089300000, 0x0000000089300000| Untracked 
| 148|0x0000000089400000, 0x0000000089400000, 0x0000000089500000|  0%| F|  |TAMS 0x0000000089400000, 0x0000000089400000| Untracked 
| 149|0x0000000089500000, 0x0000000089500000, 0x0000000089600000|  0%| F|  |TAMS 0x0000000089500000, 0x0000000089500000| Untracked 
| 150|0x0000000089600000, 0x0000000089600000, 0x0000000089700000|  0%| F|  |TAMS 0x0000000089600000, 0x0000000089600000| Untracked 
| 151|0x0000000089700000, 0x0000000089700000, 0x0000000089800000|  0%| F|  |TAMS 0x0000000089700000, 0x0000000089700000| Untracked 
| 152|0x0000000089800000, 0x0000000089800000, 0x0000000089900000|  0%| F|  |TAMS 0x0000000089800000, 0x0000000089800000| Untracked 
| 153|0x0000000089900000, 0x0000000089900000, 0x0000000089a00000|  0%| F|  |TAMS 0x0000000089900000, 0x0000000089900000| Untracked 
| 154|0x0000000089a00000, 0x0000000089a00000, 0x0000000089b00000|  0%| F|  |TAMS 0x0000000089a00000, 0x0000000089a00000| Untracked 
| 155|0x0000000089b00000, 0x0000000089b00000, 0x0000000089c00000|  0%| F|  |TAMS 0x0000000089b00000, 0x0000000089b00000| Untracked 
| 156|0x0000000089c00000, 0x0000000089c00000, 0x0000000089d00000|  0%| F|  |TAMS 0x0000000089c00000, 0x0000000089c00000| Untracked 
| 157|0x0000000089d00000, 0x0000000089d00000, 0x0000000089e00000|  0%| F|  |TAMS 0x0000000089d00000, 0x0000000089d00000| Untracked 
| 158|0x0000000089e00000, 0x0000000089e00000, 0x0000000089f00000|  0%| F|  |TAMS 0x0000000089e00000, 0x0000000089e00000| Untracked 
| 159|0x0000000089f00000, 0x0000000089f00000, 0x000000008a000000|  0%| F|  |TAMS 0x0000000089f00000, 0x0000000089f00000| Untracked 
| 160|0x000000008a000000, 0x000000008a000000, 0x000000008a100000|  0%| F|  |TAMS 0x000000008a000000, 0x000000008a000000| Untracked 
| 161|0x000000008a100000, 0x000000008a100000, 0x000000008a200000|  0%| F|  |TAMS 0x000000008a100000, 0x000000008a100000| Untracked 
| 162|0x000000008a200000, 0x000000008a200000, 0x000000008a300000|  0%| F|  |TAMS 0x000000008a200000, 0x000000008a200000| Untracked 
| 163|0x000000008a300000, 0x000000008a300000, 0x000000008a400000|  0%| F|  |TAMS 0x000000008a300000, 0x000000008a300000| Untracked 
| 164|0x000000008a400000, 0x000000008a400000, 0x000000008a500000|  0%| F|  |TAMS 0x000000008a400000, 0x000000008a400000| Untracked 
| 165|0x000000008a500000, 0x000000008a500000, 0x000000008a600000|  0%| F|  |TAMS 0x000000008a500000, 0x000000008a500000| Untracked 
| 166|0x000000008a600000, 0x000000008a600000, 0x000000008a700000|  0%| F|  |TAMS 0x000000008a600000, 0x000000008a600000| Untracked 
| 167|0x000000008a700000, 0x000000008a700000, 0x000000008a800000|  0%| F|  |TAMS 0x000000008a700000, 0x000000008a700000| Untracked 
| 168|0x000000008a800000, 0x000000008a800000, 0x000000008a900000|  0%| F|  |TAMS 0x000000008a800000, 0x000000008a800000| Untracked 
| 169|0x000000008a900000, 0x000000008a900000, 0x000000008aa00000|  0%| F|  |TAMS 0x000000008a900000, 0x000000008a900000| Untracked 
| 170|0x000000008aa00000, 0x000000008aa00000, 0x000000008ab00000|  0%| F|  |TAMS 0x000000008aa00000, 0x000000008aa00000| Untracked 
| 171|0x000000008ab00000, 0x000000008ab00000, 0x000000008ac00000|  0%| F|  |TAMS 0x000000008ab00000, 0x000000008ab00000| Untracked 
| 172|0x000000008ac00000, 0x000000008ac00000, 0x000000008ad00000|  0%| F|  |TAMS 0x000000008ac00000, 0x000000008ac00000| Untracked 
| 173|0x000000008ad00000, 0x000000008ad00000, 0x000000008ae00000|  0%| F|  |TAMS 0x000000008ad00000, 0x000000008ad00000| Untracked 
| 174|0x000000008ae00000, 0x000000008ae00000, 0x000000008af00000|  0%| F|  |TAMS 0x000000008ae00000, 0x000000008ae00000| Untracked 
| 175|0x000000008af00000, 0x000000008af00000, 0x000000008b000000|  0%| F|  |TAMS 0x000000008af00000, 0x000000008af00000| Untracked 
| 176|0x000000008b000000, 0x000000008b000000, 0x000000008b100000|  0%| F|  |TAMS 0x000000008b000000, 0x000000008b000000| Untracked 
| 177|0x000000008b100000, 0x000000008b100000, 0x000000008b200000|  0%| F|  |TAMS 0x000000008b100000, 0x000000008b100000| Untracked 
| 178|0x000000008b200000, 0x000000008b200000, 0x000000008b300000|  0%| F|  |TAMS 0x000000008b200000, 0x000000008b200000| Untracked 
| 179|0x000000008b300000, 0x000000008b300000, 0x000000008b400000|  0%| F|  |TAMS 0x000000008b300000, 0x000000008b300000| Untracked 
| 180|0x000000008b400000, 0x000000008b400000, 0x000000008b500000|  0%| F|  |TAMS 0x000000008b400000, 0x000000008b400000| Untracked 
| 181|0x000000008b500000, 0x000000008b500000, 0x000000008b600000|  0%| F|  |TAMS 0x000000008b500000, 0x000000008b500000| Untracked 
| 182|0x000000008b600000, 0x000000008b600000, 0x000000008b700000|  0%| F|  |TAMS 0x000000008b600000, 0x000000008b600000| Untracked 
| 183|0x000000008b700000, 0x000000008b700000, 0x000000008b800000|  0%| F|  |TAMS 0x000000008b700000, 0x000000008b700000| Untracked 
| 184|0x000000008b800000, 0x000000008b800000, 0x000000008b900000|  0%| F|  |TAMS 0x000000008b800000, 0x000000008b800000| Untracked 
| 185|0x000000008b900000, 0x000000008b900000, 0x000000008ba00000|  0%| F|  |TAMS 0x000000008b900000, 0x000000008b900000| Untracked 
| 186|0x000000008ba00000, 0x000000008ba00000, 0x000000008bb00000|  0%| F|  |TAMS 0x000000008ba00000, 0x000000008ba00000| Untracked 
| 187|0x000000008bb00000, 0x000000008bb00000, 0x000000008bc00000|  0%| F|  |TAMS 0x000000008bb00000, 0x000000008bb00000| Untracked 
| 188|0x000000008bc00000, 0x000000008bc00000, 0x000000008bd00000|  0%| F|  |TAMS 0x000000008bc00000, 0x000000008bc00000| Untracked 
| 189|0x000000008bd00000, 0x000000008bd00000, 0x000000008be00000|  0%| F|  |TAMS 0x000000008bd00000, 0x000000008bd00000| Untracked 
| 190|0x000000008be00000, 0x000000008be00000, 0x000000008bf00000|  0%| F|  |TAMS 0x000000008be00000, 0x000000008be00000| Untracked 
| 191|0x000000008bf00000, 0x000000008bf00000, 0x000000008c000000|  0%| F|  |TAMS 0x000000008bf00000, 0x000000008bf00000| Untracked 
| 192|0x000000008c000000, 0x000000008c000000, 0x000000008c100000|  0%| F|  |TAMS 0x000000008c000000, 0x000000008c000000| Untracked 
| 193|0x000000008c100000, 0x000000008c100000, 0x000000008c200000|  0%| F|  |TAMS 0x000000008c100000, 0x000000008c100000| Untracked 
| 194|0x000000008c200000, 0x000000008c200000, 0x000000008c300000|  0%| F|  |TAMS 0x000000008c200000, 0x000000008c200000| Untracked 
| 195|0x000000008c300000, 0x000000008c300000, 0x000000008c400000|  0%| F|  |TAMS 0x000000008c300000, 0x000000008c300000| Untracked 
| 196|0x000000008c400000, 0x000000008c400000, 0x000000008c500000|  0%| F|  |TAMS 0x000000008c400000, 0x000000008c400000| Untracked 
| 197|0x000000008c500000, 0x000000008c500000, 0x000000008c600000|  0%| F|  |TAMS 0x000000008c500000, 0x000000008c500000| Untracked 
| 198|0x000000008c600000, 0x000000008c600000, 0x000000008c700000|  0%| F|  |TAMS 0x000000008c600000, 0x000000008c600000| Untracked 
| 199|0x000000008c700000, 0x000000008c700000, 0x000000008c800000|  0%| F|  |TAMS 0x000000008c700000, 0x000000008c700000| Untracked 
| 200|0x000000008c800000, 0x000000008c800000, 0x000000008c900000|  0%| F|  |TAMS 0x000000008c800000, 0x000000008c800000| Untracked 
| 201|0x000000008c900000, 0x000000008c900000, 0x000000008ca00000|  0%| F|  |TAMS 0x000000008c900000, 0x000000008c900000| Untracked 
| 202|0x000000008ca00000, 0x000000008ca00000, 0x000000008cb00000|  0%| F|  |TAMS 0x000000008ca00000, 0x000000008ca00000| Untracked 
| 203|0x000000008cb00000, 0x000000008cb00000, 0x000000008cc00000|  0%| F|  |TAMS 0x000000008cb00000, 0x000000008cb00000| Untracked 
| 204|0x000000008cc00000, 0x000000008cc00000, 0x000000008cd00000|  0%| F|  |TAMS 0x000000008cc00000, 0x000000008cc00000| Untracked 
| 205|0x000000008cd00000, 0x000000008cd00000, 0x000000008ce00000|  0%| F|  |TAMS 0x000000008cd00000, 0x000000008cd00000| Untracked 
| 206|0x000000008ce00000, 0x000000008ce00000, 0x000000008cf00000|  0%| F|  |TAMS 0x000000008ce00000, 0x000000008ce00000| Untracked 
| 207|0x000000008cf00000, 0x000000008cf00000, 0x000000008d000000|  0%| F|  |TAMS 0x000000008cf00000, 0x000000008cf00000| Untracked 
| 208|0x000000008d000000, 0x000000008d000000, 0x000000008d100000|  0%| F|  |TAMS 0x000000008d000000, 0x000000008d000000| Untracked 
| 209|0x000000008d100000, 0x000000008d100000, 0x000000008d200000|  0%| F|  |TAMS 0x000000008d100000, 0x000000008d100000| Untracked 
| 210|0x000000008d200000, 0x000000008d200000, 0x000000008d300000|  0%| F|  |TAMS 0x000000008d200000, 0x000000008d200000| Untracked 
| 211|0x000000008d300000, 0x000000008d300000, 0x000000008d400000|  0%| F|  |TAMS 0x000000008d300000, 0x000000008d300000| Untracked 
| 212|0x000000008d400000, 0x000000008d400000, 0x000000008d500000|  0%| F|  |TAMS 0x000000008d400000, 0x000000008d400000| Untracked 
| 213|0x000000008d500000, 0x000000008d500000, 0x000000008d600000|  0%| F|  |TAMS 0x000000008d500000, 0x000000008d500000| Untracked 
| 214|0x000000008d600000, 0x000000008d600000, 0x000000008d700000|  0%| F|  |TAMS 0x000000008d600000, 0x000000008d600000| Untracked 
| 215|0x000000008d700000, 0x000000008d700000, 0x000000008d800000|  0%| F|  |TAMS 0x000000008d700000, 0x000000008d700000| Untracked 
| 216|0x000000008d800000, 0x000000008d800000, 0x000000008d900000|  0%| F|  |TAMS 0x000000008d800000, 0x000000008d800000| Untracked 
| 217|0x000000008d900000, 0x000000008d900000, 0x000000008da00000|  0%| F|  |TAMS 0x000000008d900000, 0x000000008d900000| Untracked 
| 218|0x000000008da00000, 0x000000008da00000, 0x000000008db00000|  0%| F|  |TAMS 0x000000008da00000, 0x000000008da00000| Untracked 
| 219|0x000000008db00000, 0x000000008db00000, 0x000000008dc00000|  0%| F|  |TAMS 0x000000008db00000, 0x000000008db00000| Untracked 
| 220|0x000000008dc00000, 0x000000008dc00000, 0x000000008dd00000|  0%| F|  |TAMS 0x000000008dc00000, 0x000000008dc00000| Untracked 
| 221|0x000000008dd00000, 0x000000008dd00000, 0x000000008de00000|  0%| F|  |TAMS 0x000000008dd00000, 0x000000008dd00000| Untracked 
| 222|0x000000008de00000, 0x000000008de00000, 0x000000008df00000|  0%| F|  |TAMS 0x000000008de00000, 0x000000008de00000| Untracked 
| 223|0x000000008df00000, 0x000000008df00000, 0x000000008e000000|  0%| F|  |TAMS 0x000000008df00000, 0x000000008df00000| Untracked 
| 224|0x000000008e000000, 0x000000008e000000, 0x000000008e100000|  0%| F|  |TAMS 0x000000008e000000, 0x000000008e000000| Untracked 
| 225|0x000000008e100000, 0x000000008e100000, 0x000000008e200000|  0%| F|  |TAMS 0x000000008e100000, 0x000000008e100000| Untracked 
| 226|0x000000008e200000, 0x000000008e200000, 0x000000008e300000|  0%| F|  |TAMS 0x000000008e200000, 0x000000008e200000| Untracked 
| 227|0x000000008e300000, 0x000000008e300000, 0x000000008e400000|  0%| F|  |TAMS 0x000000008e300000, 0x000000008e300000| Untracked 
| 228|0x000000008e400000, 0x000000008e400000, 0x000000008e500000|  0%| F|  |TAMS 0x000000008e400000, 0x000000008e400000| Untracked 
| 229|0x000000008e500000, 0x000000008e500000, 0x000000008e600000|  0%| F|  |TAMS 0x000000008e500000, 0x000000008e500000| Untracked 
| 230|0x000000008e600000, 0x000000008e600000, 0x000000008e700000|  0%| F|  |TAMS 0x000000008e600000, 0x000000008e600000| Untracked 
| 231|0x000000008e700000, 0x000000008e700000, 0x000000008e800000|  0%| F|  |TAMS 0x000000008e700000, 0x000000008e700000| Untracked 
| 232|0x000000008e800000, 0x000000008e800000, 0x000000008e900000|  0%| F|  |TAMS 0x000000008e800000, 0x000000008e800000| Untracked 
| 233|0x000000008e900000, 0x000000008e900000, 0x000000008ea00000|  0%| F|  |TAMS 0x000000008e900000, 0x000000008e900000| Untracked 
| 234|0x000000008ea00000, 0x000000008ea00000, 0x000000008eb00000|  0%| F|  |TAMS 0x000000008ea00000, 0x000000008ea00000| Untracked 
| 235|0x000000008eb00000, 0x000000008eb00000, 0x000000008ec00000|  0%| F|  |TAMS 0x000000008eb00000, 0x000000008eb00000| Untracked 
| 236|0x000000008ec00000, 0x000000008ec00000, 0x000000008ed00000|  0%| F|  |TAMS 0x000000008ec00000, 0x000000008ec00000| Untracked 
| 237|0x000000008ed00000, 0x000000008ed00000, 0x000000008ee00000|  0%| F|  |TAMS 0x000000008ed00000, 0x000000008ed00000| Untracked 
| 238|0x000000008ee00000, 0x000000008ee00000, 0x000000008ef00000|  0%| F|  |TAMS 0x000000008ee00000, 0x000000008ee00000| Untracked 
| 239|0x000000008ef00000, 0x000000008ef00000, 0x000000008f000000|  0%| F|  |TAMS 0x000000008ef00000, 0x000000008ef00000| Untracked 
| 240|0x000000008f000000, 0x000000008f000000, 0x000000008f100000|  0%| F|  |TAMS 0x000000008f000000, 0x000000008f000000| Untracked 
| 241|0x000000008f100000, 0x000000008f100000, 0x000000008f200000|  0%| F|  |TAMS 0x000000008f100000, 0x000000008f100000| Untracked 
| 242|0x000000008f200000, 0x000000008f280800, 0x000000008f300000| 50%| E|  |TAMS 0x000000008f200000, 0x000000008f200000| Complete 
| 243|0x000000008f300000, 0x000000008f400000, 0x000000008f400000|100%| E|CS|TAMS 0x000000008f300000, 0x000000008f300000| Complete 
| 244|0x000000008f400000, 0x000000008f500000, 0x000000008f500000|100%| E|CS|TAMS 0x000000008f400000, 0x000000008f400000| Complete 
| 245|0x000000008f500000, 0x000000008f600000, 0x000000008f600000|100%| E|CS|TAMS 0x000000008f500000, 0x000000008f500000| Complete 
| 246|0x000000008f600000, 0x000000008f700000, 0x000000008f700000|100%| E|CS|TAMS 0x000000008f600000, 0x000000008f600000| Complete 
| 247|0x000000008f700000, 0x000000008f800000, 0x000000008f800000|100%| E|CS|TAMS 0x000000008f700000, 0x000000008f700000| Complete 
| 248|0x000000008f800000, 0x000000008f900000, 0x000000008f900000|100%| E|CS|TAMS 0x000000008f800000, 0x000000008f800000| Complete 
| 249|0x000000008f900000, 0x000000008fa00000, 0x000000008fa00000|100%| E|CS|TAMS 0x000000008f900000, 0x000000008f900000| Complete 
| 250|0x000000008fa00000, 0x000000008fb00000, 0x000000008fb00000|100%| E|CS|TAMS 0x000000008fa00000, 0x000000008fa00000| Complete 
| 251|0x000000008fb00000, 0x000000008fc00000, 0x000000008fc00000|100%| E|CS|TAMS 0x000000008fb00000, 0x000000008fb00000| Complete 
| 252|0x000000008fc00000, 0x000000008fd00000, 0x000000008fd00000|100%| E|CS|TAMS 0x000000008fc00000, 0x000000008fc00000| Complete 
| 253|0x000000008fd00000, 0x000000008fe00000, 0x000000008fe00000|100%| E|CS|TAMS 0x000000008fd00000, 0x000000008fd00000| Complete 
| 254|0x000000008fe00000, 0x000000008ff00000, 0x000000008ff00000|100%| E|CS|TAMS 0x000000008fe00000, 0x000000008fe00000| Complete 
| 255|0x000000008ff00000, 0x0000000090000000, 0x0000000090000000|100%| E|CS|TAMS 0x000000008ff00000, 0x000000008ff00000| Complete 

Card table byte_map: [0x0000017ff24d0000,0x0000017ff28d0000] _byte_map_base: 0x0000017ff20d0000

Marking Bits (Prev, Next): (CMBitMap*) 0x0000017fee2cd8d0, (CMBitMap*) 0x0000017fee2cd898
 Prev Bits: [0x0000017ff4cd0000, 0x0000017ff6cd0000)
 Next Bits: [0x0000017ff2cd0000, 0x0000017ff4cd0000)

Polling page: 0x0000017feda70000

Metaspace:

Usage:
  Non-class:     63.04 MB capacity,    61.93 MB ( 98%) used,   955.72 KB (  1%) free+waste,   181.13 KB ( <1%) overhead. 
      Class:      9.86 MB capacity,     9.24 MB ( 94%) used,   550.91 KB (  5%) free+waste,    84.75 KB ( <1%) overhead. 
       Both:     72.90 MB capacity,    71.16 MB ( 98%) used,     1.47 MB (  2%) free+waste,   265.88 KB ( <1%) overhead. 

Virtual space:
  Non-class space:       64.00 MB reserved,      63.25 MB ( 99%) committed 
      Class space:        1.00 GB reserved,       9.95 MB ( <1%) committed 
             Both:        1.06 GB reserved,      73.20 MB (  7%) committed 

Chunk freelists:
   Non-Class:  25.00 KB
       Class:  18.00 KB
        Both:  43.00 KB

MaxMetaspaceSize: 17179869184.00 GB
CompressedClassSpaceSize: 1.00 GB
Initial GC threshold: 20.80 MB
Current GC threshold: 98.67 MB
CDS: off

CodeHeap 'non-profiled nmethods': size=120000Kb used=4214Kb max_used=4214Kb free=115785Kb
 bounds [0x0000017f87ad0000, 0x0000017f87ef0000, 0x0000017f8f000000]
CodeHeap 'profiled nmethods': size=120000Kb used=14227Kb max_used=14227Kb free=105772Kb
 bounds [0x0000017f805a0000, 0x0000017f81390000, 0x0000017f87ad0000]
CodeHeap 'non-nmethods': size=5760Kb used=2353Kb max_used=2394Kb free=3406Kb
 bounds [0x0000017f80000000, 0x0000017f80270000, 0x0000017f805a0000]
 total_blobs=7560 nmethods=6698 adapters=774
 compilation: enabled
              stopped_count=0, restarted_count=0
 full_count=0

Compilation events (20 events):
Event: 7.195 Thread 0x0000017ffa034800 6732       3       java.lang.String::replace (149 bytes)
Event: 7.196 Thread 0x0000017ffa034800 nmethod 6732 0x0000017f81374990 code [0x0000017f81374ce0, 0x0000017f81375f68]
Event: 7.196 Thread 0x0000017ffa034800 6735       3       java.util.jar.JarFile::getVersionedEntry (85 bytes)
Event: 7.197 Thread 0x0000017ffa034800 nmethod 6735 0x0000017f81376810 code [0x0000017f81376b00, 0x0000017f81377b08]
Event: 7.197 Thread 0x0000017ffa034800 6733   !   3       jdk.internal.loader.BuiltinClassLoader$2::run (114 bytes)
Event: 7.198 Thread 0x0000017ffa034800 nmethod 6733 0x0000017f81378110 code [0x0000017f813783c0, 0x0000017f81379198]
Event: 7.198 Thread 0x0000017ffa034800 6734       3       java.lang.ClassLoader::getResource (41 bytes)
Event: 7.199 Thread 0x0000017ffa034800 nmethod 6734 0x0000017f81379690 code [0x0000017f813798a0, 0x0000017f81379e78]
Event: 7.199 Thread 0x0000017ffa034800 6736       3       java.io.WinNTFileSystem::normalize (224 bytes)
Event: 7.201 Thread 0x0000017ffa034800 nmethod 6736 0x0000017f8137a010 code [0x0000017f8137a420, 0x0000017f8137c1d8]
Event: 7.205 Thread 0x0000017ffa034800 6738       3       java.lang.StackTraceElement::<init> (10 bytes)
Event: 7.206 Thread 0x0000017ffa034800 nmethod 6738 0x0000017f8137cd10 code [0x0000017f8137cec0, 0x0000017f8137d018]
Event: 7.206 Thread 0x0000017ffa034800 6739  s!   3       java.lang.StackTraceElement::computeFormat (71 bytes)
Event: 7.206 Thread 0x0000017ffa034800 nmethod 6739 0x0000017f8137d110 code [0x0000017f8137d340, 0x0000017f8137dc78]
Event: 7.206 Thread 0x0000017ffa034800 6741       3       java.lang.Module::getLayer (43 bytes)
Event: 7.206 Thread 0x0000017ffa034800 nmethod 6741 0x0000017f8137df10 code [0x0000017f8137e100, 0x0000017f8137e488]
Event: 7.206 Thread 0x0000017ffa034800 6740       3       java.lang.StackTraceElement::isHashedInJavaBase (31 bytes)
Event: 7.207 Thread 0x0000017ffa034800 nmethod 6740 0x0000017f8137e590 code [0x0000017f8137e7a0, 0x0000017f8137ec78]
Event: 7.220 Thread 0x0000017ffa034800 6742       3       java.security.CodeSource::getCertificates (98 bytes)
Event: 7.221 Thread 0x0000017ffa034800 nmethod 6742 0x0000017f8137ee10 code [0x0000017f8137f080, 0x0000017f8137fd48]

GC Heap History (14 events):
Event: 0.481 GC heap before
{Heap before GC invocations=0 (full 0):
 garbage-first heap   total 262144K, used 29696K [0x0000000080000000, 0x0000000100000000)
  region size 1024K, 24 young (24576K), 0 survivors (0K)
 Metaspace       used 10199K, capacity 10395K, committed 10624K, reserved 1058816K
  class space    used 1063K, capacity 1109K, committed 1152K, reserved 1048576K
}
Event: 0.485 GC heap after
{Heap after GC invocations=1 (full 0):
 garbage-first heap   total 262144K, used 9575K [0x0000000080000000, 0x0000000100000000)
  region size 1024K, 3 young (3072K), 3 survivors (3072K)
 Metaspace       used 10199K, capacity 10395K, committed 10624K, reserved 1058816K
  class space    used 1063K, capacity 1109K, committed 1152K, reserved 1048576K
}
Event: 1.993 GC heap before
{Heap before GC invocations=1 (full 0):
 garbage-first heap   total 262144K, used 106855K [0x0000000080000000, 0x0000000100000000)
  region size 1024K, 99 young (101376K), 3 survivors (3072K)
 Metaspace       used 20592K, capacity 21092K, committed 21248K, reserved 1067008K
  class space    used 2508K, capacity 2690K, committed 2816K, reserved 1048576K
}
Event: 2.002 GC heap after
{Heap after GC invocations=2 (full 0):
 garbage-first heap   total 262144K, used 16241K [0x0000000080000000, 0x0000000100000000)
  region size 1024K, 10 young (10240K), 10 survivors (10240K)
 Metaspace       used 20592K, capacity 21092K, committed 21248K, reserved 1067008K
  class space    used 2508K, capacity 2690K, committed 2816K, reserved 1048576K
}
Event: 2.227 GC heap before
{Heap before GC invocations=3 (full 0):
 garbage-first heap   total 262144K, used 47985K [0x0000000080000000, 0x0000000100000000)
  region size 1024K, 41 young (41984K), 10 survivors (10240K)
 Metaspace       used 23647K, capacity 24282K, committed 24576K, reserved 1071104K
  class space    used 3014K, capacity 3225K, committed 3328K, reserved 1048576K
}
Event: 2.234 GC heap after
{Heap after GC invocations=4 (full 0):
 garbage-first heap   total 262144K, used 17458K [0x0000000080000000, 0x0000000100000000)
  region size 1024K, 2 young (2048K), 2 survivors (2048K)
 Metaspace       used 23647K, capacity 24282K, committed 24576K, reserved 1071104K
  class space    used 3014K, capacity 3225K, committed 3328K, reserved 1048576K
}
Event: 3.105 GC heap before
{Heap before GC invocations=4 (full 0):
 garbage-first heap   total 262144K, used 97330K [0x0000000080000000, 0x0000000100000000)
  region size 1024K, 81 young (82944K), 2 survivors (2048K)
 Metaspace       used 35081K, capacity 35830K, committed 35840K, reserved 1081344K
  class space    used 4542K, capacity 4864K, committed 4864K, reserved 1048576K
}
Event: 3.113 GC heap after
{Heap after GC invocations=5 (full 0):
 garbage-first heap   total 262144K, used 21657K [0x0000000080000000, 0x0000000100000000)
  region size 1024K, 6 young (6144K), 6 survivors (6144K)
 Metaspace       used 35081K, capacity 35830K, committed 35840K, reserved 1081344K
  class space    used 4542K, capacity 4864K, committed 4864K, reserved 1048576K
}
Event: 4.148 GC heap before
{Heap before GC invocations=6 (full 0):
 garbage-first heap   total 262144K, used 144537K [0x0000000080000000, 0x0000000100000000)
  region size 1024K, 123 young (125952K), 6 survivors (6144K)
 Metaspace       used 44616K, capacity 45708K, committed 45900K, reserved 1089536K
  class space    used 5733K, capacity 6144K, committed 6220K, reserved 1048576K
}
Event: 4.160 GC heap after
{Heap after GC invocations=7 (full 0):
 garbage-first heap   total 262144K, used 28856K [0x0000000080000000, 0x0000000100000000)
  region size 1024K, 13 young (13312K), 13 survivors (13312K)
 Metaspace       used 44616K, capacity 45708K, committed 45900K, reserved 1089536K
  class space    used 5733K, capacity 6144K, committed 6220K, reserved 1048576K
}
Event: 5.654 GC heap before
{Heap before GC invocations=7 (full 0):
 garbage-first heap   total 262144K, used 166072K [0x0000000080000000, 0x0000000100000000)
  region size 1024K, 144 young (147456K), 13 survivors (13312K)
 Metaspace       used 58669K, capacity 60157K, committed 60236K, reserved 1101824K
  class space    used 7425K, capacity 7975K, committed 8012K, reserved 1048576K
}
Event: 5.684 GC heap after
{Heap after GC invocations=8 (full 0):
 garbage-first heap   total 262144K, used 42964K [0x0000000080000000, 0x0000000100000000)
  region size 1024K, 18 young (18432K), 18 survivors (18432K)
 Metaspace       used 58669K, capacity 60157K, committed 60236K, reserved 1101824K
  class space    used 7425K, capacity 7975K, committed 8012K, reserved 1048576K
}
Event: 7.088 GC heap before
{Heap before GC invocations=9 (full 0):
 garbage-first heap   total 262144K, used 181204K [0x0000000080000000, 0x0000000100000000)
  region size 1024K, 153 young (156672K), 18 survivors (18432K)
 Metaspace       used 71120K, capacity 72806K, committed 73164K, reserved 1112064K
  class space    used 9194K, capacity 9821K, committed 9932K, reserved 1048576K
}
Event: 7.105 GC heap after
{Heap after GC invocations=10 (full 0):
 garbage-first heap   total 262144K, used 54146K [0x0000000080000000, 0x0000000100000000)
  region size 1024K, 12 young (12288K), 12 survivors (12288K)
 Metaspace       used 71120K, capacity 72806K, committed 73164K, reserved 1112064K
  class space    used 9194K, capacity 9821K, committed 9932K, reserved 1048576K
}

Deoptimization events (20 events):
Event: 7.087 Thread 0x0000017ffc0b1000 Uncommon trap: trap_request=0xffffff4d fr.pc=0x0000017f87e0ca5c relative=0x00000000000024fc
Event: 7.087 Thread 0x0000017ffc0b1000 Uncommon trap: reason=unstable_if action=reinterpret pc=0x0000017f87e0ca5c method=java.util.HashMap.getNode(ILjava/lang/Object;)Ljava/util/HashMap$Node; @ 84 c2
Event: 7.087 Thread 0x0000017ffc0b1000 DEOPT PACKING pc=0x0000017f87e0ca5c sp=0x0000007a4fbf9be0
Event: 7.087 Thread 0x0000017ffc0b1000 DEOPT UNPACKING pc=0x0000017f8004a1af sp=0x0000007a4fbf9ac8 mode 2
Event: 7.087 Thread 0x0000017ffc0b1000 Uncommon trap: trap_request=0xffffff4d fr.pc=0x0000017f87eb50f8 relative=0x00000000000002b8
Event: 7.087 Thread 0x0000017ffc0b1000 Uncommon trap: reason=unstable_if action=reinterpret pc=0x0000017f87eb50f8 method=java.util.HashMap.getNode(ILjava/lang/Object;)Ljava/util/HashMap$Node; @ 84 c2
Event: 7.087 Thread 0x0000017ffc0b1000 DEOPT PACKING pc=0x0000017f87eb50f8 sp=0x0000007a4fbf9b90
Event: 7.087 Thread 0x0000017ffc0b1000 DEOPT UNPACKING pc=0x0000017f8004a1af sp=0x0000007a4fbf9ab0 mode 2
Event: 7.087 Thread 0x0000017ffc0b1000 Uncommon trap: trap_request=0xffffff4d fr.pc=0x0000017f87bf2068 relative=0x00000000000001a8
Event: 7.087 Thread 0x0000017ffc0b1000 Uncommon trap: reason=unstable_if action=reinterpret pc=0x0000017f87bf2068 method=java.util.HashMap.getNode(ILjava/lang/Object;)Ljava/util/HashMap$Node; @ 84 c2
Event: 7.087 Thread 0x0000017ffc0b1000 DEOPT PACKING pc=0x0000017f87bf2068 sp=0x0000007a4fbf9b30
Event: 7.087 Thread 0x0000017ffc0b1000 DEOPT UNPACKING pc=0x0000017f8004a1af sp=0x0000007a4fbf9ab8 mode 2
Event: 7.176 Thread 0x0000017ffc0b1000 Uncommon trap: trap_request=0xffffff4d fr.pc=0x0000017f87d7e7f0 relative=0x0000000000001b50
Event: 7.176 Thread 0x0000017ffc0b1000 Uncommon trap: reason=unstable_if action=reinterpret pc=0x0000017f87d7e7f0 method=sun.nio.fs.WindowsPathParser.normalize(Ljava/lang/StringBuilder;Ljava/lang/String;I)Ljava/lang/String; @ 172 c2
Event: 7.176 Thread 0x0000017ffc0b1000 DEOPT PACKING pc=0x0000017f87d7e7f0 sp=0x0000007a4fbf9a50
Event: 7.176 Thread 0x0000017ffc0b1000 DEOPT UNPACKING pc=0x0000017f8004a1af sp=0x0000007a4fbf9a40 mode 2
Event: 7.194 Thread 0x0000017ffc0b1000 Uncommon trap: trap_request=0xffffff4d fr.pc=0x0000017f87c76638 relative=0x0000000000000838
Event: 7.194 Thread 0x0000017ffc0b1000 Uncommon trap: reason=unstable_if action=reinterpret pc=0x0000017f87c76638 method=java.util.jar.JarFile.getVersionedEntry(Ljava/lang/String;Ljava/util/jar/JarEntry;)Ljava/util/jar/JarEntry; @ 67 c2
Event: 7.194 Thread 0x0000017ffc0b1000 DEOPT PACKING pc=0x0000017f87c76638 sp=0x0000007a4fbf7db0
Event: 7.194 Thread 0x0000017ffc0b1000 DEOPT UNPACKING pc=0x0000017f8004a1af sp=0x0000007a4fbf7d98 mode 2

Classes redefined (0 events):
No events

Internal exceptions (20 events):
Event: 6.391 Thread 0x0000017ffc0b1000 Exception <a 'java/lang/ClassNotFoundException'{0x000000008b57d0e8}: com/android/build/gradle/internal/dsl/BuildType_DecoratedCustomizer> (0x000000008b57d0e8) thrown at [./src/hotspot/share/classfile/systemDictionary.cpp, line 231]
Event: 6.395 Thread 0x0000017ffc0b1000 Exception <a 'java/lang/ClassNotFoundException'{0x000000008b43f4c0}: build_5q15k30lsgf4u2u1dc6fxxh8x$_run_closure1$_closure4BeanInfo> (0x000000008b43f4c0) thrown at [./src/hotspot/share/classfile/systemDictionary.cpp, line 231]
Event: 6.395 Thread 0x0000017ffc0b1000 Exception <a 'java/lang/ClassNotFoundException'{0x000000008b44fc28}: build_5q15k30lsgf4u2u1dc6fxxh8x$_run_closure1$_closure4Customizer> (0x000000008b44fc28) thrown at [./src/hotspot/share/classfile/systemDictionary.cpp, line 231]
Event: 6.397 Thread 0x0000017ffc0b1000 Exception <a 'java/lang/ClassNotFoundException'{0x000000008b4789f0}: build_5q15k30lsgf4u2u1dc6fxxh8x$_run_closure1BeanInfo> (0x000000008b4789f0) thrown at [./src/hotspot/share/classfile/systemDictionary.cpp, line 231]
Event: 6.397 Thread 0x0000017ffc0b1000 Exception <a 'java/lang/ClassNotFoundException'{0x000000008b488a40}: build_5q15k30lsgf4u2u1dc6fxxh8x$_run_closure1Customizer> (0x000000008b488a40) thrown at [./src/hotspot/share/classfile/systemDictionary.cpp, line 231]
Event: 6.401 Thread 0x0000017ffc0b1000 Exception <a 'java/lang/ClassNotFoundException'{0x000000008b4e65a0}: org/gradle/api/JavaVersionBeanInfo> (0x000000008b4e65a0) thrown at [./src/hotspot/share/classfile/systemDictionary.cpp, line 231]
Event: 6.401 Thread 0x0000017ffc0b1000 Exception <a 'java/lang/ClassNotFoundException'{0x000000008b310d10}: org/gradle/api/JavaVersionCustomizer> (0x000000008b310d10) thrown at [./src/hotspot/share/classfile/systemDictionary.cpp, line 231]
Event: 6.404 Thread 0x0000017ffc0b1000 Exception <a 'java/lang/ClassNotFoundException'{0x000000008b365a60}: com/android/build/gradle/internal/CompileOptions_DecoratedBeanInfo> (0x000000008b365a60) thrown at [./src/hotspot/share/classfile/systemDictionary.cpp, line 231]
Event: 6.404 Thread 0x0000017ffc0b1000 Exception <a 'java/lang/ClassNotFoundException'{0x000000008b37ceb8}: com/android/build/gradle/internal/CompileOptionsBeanInfo> (0x000000008b37ceb8) thrown at [./src/hotspot/share/classfile/systemDictionary.cpp, line 231]
Event: 6.404 Thread 0x0000017ffc0b1000 Exception <a 'java/lang/ClassNotFoundException'{0x000000008b394d48}: com/android/build/gradle/internal/CompileOptionsCustomizer> (0x000000008b394d48) thrown at [./src/hotspot/share/classfile/systemDictionary.cpp, line 231]
Event: 6.405 Thread 0x0000017ffc0b1000 Exception <a 'java/lang/ClassNotFoundException'{0x000000008b3b9318}: com/android/build/gradle/internal/CompileOptions_DecoratedCustomizer> (0x000000008b3b9318) thrown at [./src/hotspot/share/classfile/systemDictionary.cpp, line 231]
Event: 6.963 Thread 0x0000017ffc0b1000 Exception <a 'java/lang/ClassNotFoundException'{0x00000000885f2aa8}: com/android/build/gradle/internal/api/ApkVariantOutputImpl_DecoratedBeanInfo> (0x00000000885f2aa8) thrown at [./src/hotspot/share/classfile/systemDictionary.cpp, line 231]
Event: 6.964 Thread 0x0000017ffc0b1000 Exception <a 'java/lang/ClassNotFoundException'{0x000000008840c9b8}: com/android/build/gradle/internal/api/ApkVariantOutputImplBeanInfo> (0x000000008840c9b8) thrown at [./src/hotspot/share/classfile/systemDictionary.cpp, line 231]
Event: 6.964 Thread 0x0000017ffc0b1000 Exception <a 'java/lang/ClassNotFoundException'{0x0000000088426b88}: com/android/build/gradle/internal/api/BaseVariantOutputImplBeanInfo> (0x0000000088426b88) thrown at [./src/hotspot/share/classfile/systemDictionary.cpp, line 231]
Event: 6.964 Thread 0x0000017ffc0b1000 Exception <a 'java/lang/ClassNotFoundException'{0x0000000088440dc0}: com/android/build/gradle/internal/api/BaseVariantOutputImplCustomizer> (0x0000000088440dc0) thrown at [./src/hotspot/share/classfile/systemDictionary.cpp, line 231]
Event: 6.965 Thread 0x0000017ffc0b1000 Exception <a 'java/lang/ClassNotFoundException'{0x000000008846d690}: com/android/build/gradle/internal/api/ApkVariantOutputImplCustomizer> (0x000000008846d690) thrown at [./src/hotspot/share/classfile/systemDictionary.cpp, line 231]
Event: 6.966 Thread 0x0000017ffc0b1000 Exception <a 'java/lang/ClassNotFoundException'{0x00000000884965a8}: com/android/build/gradle/internal/api/ApkVariantOutputImpl_DecoratedCustomizer> (0x00000000884965a8) thrown at [./src/hotspot/share/classfile/systemDictionary.cpp, line 231]
Event: 6.974 Thread 0x0000017ffc0b1000 Exception <a 'java/lang/NoClassDefFoundError'{0x00000000883fd958}: org/jetbrains/kotlin/gradle/plugin/KotlinBasePluginWrapper> (0x00000000883fd958) thrown at [./src/hotspot/share/classfile/systemDictionary.cpp, line 220]
Event: 7.148 Thread 0x0000017ffc0b1000 Exception <a 'sun/nio/fs/WindowsException'{0x000000008fdc4670}> (0x000000008fdc4670) thrown at [./src/hotspot/share/prims/jni.cpp, line 615]
Event: 7.148 Thread 0x0000017ffc0b1000 Exception <a 'sun/nio/fs/WindowsException'{0x000000008fdc4c80}> (0x000000008fdc4c80) thrown at [./src/hotspot/share/prims/jni.cpp, line 615]

Events (20 events):
Event: 7.218 loading class com/sun/xml/bind/v2/runtime/JAXBContextImpl$6
Event: 7.218 loading class com/sun/xml/bind/v2/runtime/JAXBContextImpl$6 done
Event: 7.218 loading class com/sun/xml/bind/v2/util/QNameMap
Event: 7.218 loading class com/sun/xml/bind/v2/util/QNameMap done
Event: 7.219 loading class com/sun/xml/bind/v2/util/QNameMap$Entry
Event: 7.219 loading class com/sun/xml/bind/v2/util/QNameMap$Entry done
Event: 7.219 loading class com/sun/xml/bind/v2/runtime/JAXBContextImpl$1
Event: 7.219 loading class com/sun/xml/bind/v2/runtime/JAXBContextImpl$1 done
Event: 7.219 loading class com/sun/istack/Pool$Impl
Event: 7.219 loading class com/sun/istack/Pool$Impl done
Event: 7.220 loading class com/sun/xml/bind/v2/runtime/JAXBContextImpl$2
Event: 7.220 loading class com/sun/xml/bind/v2/runtime/JAXBContextImpl$2 done
Event: 7.220 loading class com/sun/xml/bind/v2/runtime/NameBuilder
Event: 7.220 loading class com/sun/xml/bind/v2/runtime/NameBuilder done
Event: 7.221 loading class com/sun/xml/bind/v2/model/impl/RuntimeModelBuilder
Event: 7.221 loading class com/sun/xml/bind/v2/model/impl/RuntimeModelBuilder done
Event: 7.222 loading class com/sun/xml/bind/v2/model/impl/ModelBuilder
Event: 7.222 loading class com/sun/xml/bind/v2/model/impl/ModelBuilder done
Event: 7.222 loading class com/sun/xml/bind/v2/model/impl/ModelBuilderI
Event: 7.222 loading class com/sun/xml/bind/v2/model/impl/ModelBuilderI done


Dynamic libraries:
0x00007ff6dd970000 - 0x00007ff6dd97a000 	C:\Program Files\Android\Android Studio\jre\bin\java.exe
0x00007ffd1e290000 - 0x00007ffd1e488000 	C:\Windows\SYSTEM32\ntdll.dll
0x00007ffd1c580000 - 0x00007ffd1c63d000 	C:\Windows\System32\KERNEL32.DLL
0x00007ffd1beb0000 - 0x00007ffd1c17e000 	C:\Windows\System32\KERNELBASE.dll
0x00007ffd1c180000 - 0x00007ffd1c280000 	C:\Windows\System32\ucrtbase.dll
0x00007ffcf2e70000 - 0x00007ffcf2e87000 	C:\Program Files\Android\Android Studio\jre\bin\VCRUNTIME140.dll
0x00007ffcf3bc0000 - 0x00007ffcf3bd9000 	C:\Program Files\Android\Android Studio\jre\bin\jli.dll
0x00007ffd1dce0000 - 0x00007ffd1de80000 	C:\Windows\System32\USER32.dll
0x00007ffd052e0000 - 0x00007ffd0557a000 	C:\Windows\WinSxS\amd64_microsoft.windows.common-controls_6595b64144ccf1df_6.0.19041.1110_none_60b5254171f9507e\COMCTL32.dll
0x00007ffd1b9b0000 - 0x00007ffd1b9d2000 	C:\Windows\System32\win32u.dll
0x00007ffd1d870000 - 0x00007ffd1d90e000 	C:\Windows\System32\msvcrt.dll
0x00007ffd1d3b0000 - 0x00007ffd1d3da000 	C:\Windows\System32\GDI32.dll
0x00007ffd1bd10000 - 0x00007ffd1be1b000 	C:\Windows\System32\gdi32full.dll
0x00007ffd1b9e0000 - 0x00007ffd1ba7d000 	C:\Windows\System32\msvcp_win.dll
0x00007ffd1e220000 - 0x00007ffd1e250000 	C:\Windows\System32\IMM32.DLL
0x00007ffcc37f0000 - 0x00007ffcc388d000 	C:\Program Files\Android\Android Studio\jre\bin\msvcp140.dll
0x00007ffc90550000 - 0x00007ffc91035000 	C:\Program Files\Android\Android Studio\jre\bin\server\jvm.dll
0x00007ffd1c2f0000 - 0x00007ffd1c39e000 	C:\Windows\System32\ADVAPI32.dll
0x00007ffd1c400000 - 0x00007ffd1c49c000 	C:\Windows\System32\sechost.dll
0x00007ffd1c640000 - 0x00007ffd1c765000 	C:\Windows\System32\RPCRT4.dll
0x00007ffd1e040000 - 0x00007ffd1e048000 	C:\Windows\System32\PSAPI.DLL
0x00007ffd17700000 - 0x00007ffd17709000 	C:\Windows\SYSTEM32\WSOCK32.dll
0x00007ffd13140000 - 0x00007ffd1314a000 	C:\Windows\SYSTEM32\VERSION.dll
0x00007ffd08e40000 - 0x00007ffd08e67000 	C:\Windows\SYSTEM32\WINMM.dll
0x00007ffd1dfd0000 - 0x00007ffd1e03b000 	C:\Windows\System32\WS2_32.dll
0x00007ffd198b0000 - 0x00007ffd198c2000 	C:\Windows\SYSTEM32\kernel.appcore.dll
0x00007ffd04b80000 - 0x00007ffd04b91000 	C:\Program Files\Android\Android Studio\jre\bin\verify.dll
0x00007ffd08500000 - 0x00007ffd086e4000 	C:\Windows\SYSTEM32\DBGHELP.DLL
0x00007ffd01020000 - 0x00007ffd0104c000 	C:\Windows\SYSTEM32\dbgcore.DLL
0x00007ffd1be20000 - 0x00007ffd1bea2000 	C:\Windows\System32\bcryptPrimitives.dll
0x00007ffcf3d90000 - 0x00007ffcf3db9000 	C:\Program Files\Android\Android Studio\jre\bin\java.dll
0x00007ffd176f0000 - 0x00007ffd176fb000 	C:\Program Files\Android\Android Studio\jre\bin\jimage.dll
0x00007ffd04b60000 - 0x00007ffd04b78000 	C:\Program Files\Android\Android Studio\jre\bin\zip.dll
0x00007ffd1c7f0000 - 0x00007ffd1cf34000 	C:\Windows\System32\SHELL32.dll
0x00007ffd19ab0000 - 0x00007ffd1a244000 	C:\Windows\SYSTEM32\windows.storage.dll
0x00007ffd1d4b0000 - 0x00007ffd1d804000 	C:\Windows\System32\combase.dll
0x00007ffd1b410000 - 0x00007ffd1b440000 	C:\Windows\SYSTEM32\Wldp.dll
0x00007ffd1e170000 - 0x00007ffd1e21d000 	C:\Windows\System32\SHCORE.dll
0x00007ffd1de80000 - 0x00007ffd1ded5000 	C:\Windows\System32\shlwapi.dll
0x00007ffd1b8f0000 - 0x00007ffd1b90f000 	C:\Windows\SYSTEM32\profapi.dll
0x00007ffd03510000 - 0x00007ffd0352a000 	C:\Program Files\Android\Android Studio\jre\bin\net.dll
0x00007ffd15860000 - 0x00007ffd1596a000 	C:\Windows\SYSTEM32\WINHTTP.dll
0x00007ffd1b170000 - 0x00007ffd1b1da000 	C:\Windows\system32\mswsock.dll
0x00007ffcf7c90000 - 0x00007ffcf7ca4000 	C:\Program Files\Android\Android Studio\jre\bin\nio.dll
0x00007ffcf00a0000 - 0x00007ffcf00c7000 	C:\Users\Mitul Agrawal\.gradle\native\8bec1ad78214c89d9ad589b4d07fe93259594b29d510b10fafb7a158f7737e5d\windows-amd64\native-platform.dll
0x00007ffcbce80000 - 0x00007ffcbcfbd000 	C:\Users\Mitul Agrawal\.gradle\native\53dbd7edfb1c66fb8903c78663c9afc45aea4f116125fa6feffd364cf09443e8\windows-amd64\native-platform-file-events.dll
0x00007ffd16ad0000 - 0x00007ffd16ada000 	C:\Program Files\Android\Android Studio\jre\bin\management.dll
0x00007ffd168f0000 - 0x00007ffd168fd000 	C:\Program Files\Android\Android Studio\jre\bin\management_ext.dll
0x00007ffd1b360000 - 0x00007ffd1b378000 	C:\Windows\SYSTEM32\CRYPTSP.dll
0x00007ffd1aa80000 - 0x00007ffd1aab4000 	C:\Windows\system32\rsaenh.dll
0x00007ffd1bbe0000 - 0x00007ffd1bc07000 	C:\Windows\System32\bcrypt.dll
0x00007ffd1b8b0000 - 0x00007ffd1b8de000 	C:\Windows\SYSTEM32\USERENV.dll
0x00007ffd1b380000 - 0x00007ffd1b38c000 	C:\Windows\SYSTEM32\CRYPTBASE.dll
0x00007ffd1ae10000 - 0x00007ffd1ae4b000 	C:\Windows\SYSTEM32\IPHLPAPI.DLL
0x00007ffd1dba0000 - 0x00007ffd1dba8000 	C:\Windows\System32\NSI.dll
0x00007ffd13790000 - 0x00007ffd137a7000 	C:\Windows\SYSTEM32\dhcpcsvc6.DLL
0x00007ffd13c90000 - 0x00007ffd13cad000 	C:\Windows\SYSTEM32\dhcpcsvc.DLL
0x00007ffd1ae50000 - 0x00007ffd1af1a000 	C:\Windows\SYSTEM32\DNSAPI.dll

dbghelp: loaded successfully - version: 4.0.5 - missing functions: none
symbol engine: initialized successfully - sym options: 0x614 - pdb path: .;C:\Program Files\Android\Android Studio\jre\bin;C:\Windows\SYSTEM32;C:\Windows\WinSxS\amd64_microsoft.windows.common-controls_6595b64144ccf1df_6.0.19041.1110_none_60b5254171f9507e;C:\Program Files\Android\Android Studio\jre\bin\server;C:\Users\Mitul Agrawal\.gradle\native\8bec1ad78214c89d9ad589b4d07fe93259594b29d510b10fafb7a158f7737e5d\windows-amd64;C:\Users\Mitul Agrawal\.gradle\native\53dbd7edfb1c66fb8903c78663c9afc45aea4f116125fa6feffd364cf09443e8\windows-amd64

VM Arguments:
jvm_args: --add-opens=java.base/java.util=ALL-UNNAMED --add-opens=java.base/java.lang=ALL-UNNAMED --add-opens=java.base/java.lang.invoke=ALL-UNNAMED --add-opens=java.base/java.util=ALL-UNNAMED --add-opens=java.prefs/java.util.prefs=ALL-UNNAMED --add-opens=java.prefs/java.util.prefs=ALL-UNNAMED --add-opens=java.base/java.nio.charset=ALL-UNNAMED --add-opens=java.base/java.net=ALL-UNNAMED --add-opens=java.base/java.util.concurrent.atomic=ALL-UNNAMED -Xmx2048m -Dfile.encoding=UTF-8 -Duser.country=IN -Duser.language=en -Duser.variant 
java_command: org.gradle.launcher.daemon.bootstrap.GradleDaemon 7.0.2
java_class_path (initial): C:\Users\Mitul Agrawal\.gradle\wrapper\dists\gradle-7.0.2-bin\857tjihv64xamwrf0h14cai3r\gradle-7.0.2\lib\gradle-launcher-7.0.2.jar
Launcher Type: SUN_STANDARD

[Global flags]
     intx CICompilerCount                          = 4                                         {product} {ergonomic}
     uint ConcGCThreads                            = 2                                         {product} {ergonomic}
     uint G1ConcRefinementThreads                  = 8                                         {product} {ergonomic}
   size_t G1HeapRegionSize                         = 1048576                                   {product} {ergonomic}
    uintx GCDrainStackTargetSize                   = 64                                        {product} {ergonomic}
   size_t InitialHeapSize                          = 268435456                                 {product} {ergonomic}
   size_t MarkStackSize                            = 4194304                                   {product} {ergonomic}
   size_t MaxHeapSize                              = 2147483648                                {product} {command line}
   size_t MaxNewSize                               = 1287651328                                {product} {ergonomic}
   size_t MinHeapDeltaBytes                        = 1048576                                   {product} {ergonomic}
    uintx NonNMethodCodeHeapSize                   = 5836300                                {pd product} {ergonomic}
    uintx NonProfiledCodeHeapSize                  = 122910970                              {pd product} {ergonomic}
    uintx ProfiledCodeHeapSize                     = 122910970                              {pd product} {ergonomic}
    uintx ReservedCodeCacheSize                    = 251658240                              {pd product} {ergonomic}
     bool SegmentedCodeCache                       = true                                      {product} {ergonomic}
     bool UseCompressedClassPointers               = true                                 {lp64_product} {ergonomic}
     bool UseCompressedOops                        = true                                 {lp64_product} {ergonomic}
     bool UseG1GC                                  = true                                      {product} {ergonomic}
     bool UseLargePagesIndividualAllocation        = false                                  {pd product} {ergonomic}

Logging:
Log output configuration:
 #0: stdout all=warning uptime,level,tags
 #1: stderr all=off uptime,level,tags

Environment Variables:
PATH=C:\Program Files\Common Files\Oracle\Java\javapath;C:\Windows\system32;C:\Windows;C:\Windows\System32\Wbem;C:\Windows\System32\WindowsPowerShell\v1.0\;C:\Windows\System32\OpenSSH\;C:\Users\Mitul Agrawal\AppData\Roaming\Microsoft\Windows\Start Menu\Programs\Python 3.7;C:\MinGW\bin;C:\Users\Mitul Agrawal\AppData\Local\Programs\Python\Python36;C:\Users\Mitul Agrawal\AppData\Local\Android\Sdk\platform-tools;C:\Program Files\Git\cmd;C:\Program Files\Java\jdk-18.0.2.1\bin;C:\Users\Mitul Agrawal\flutter\bin;C:\Users\Mitul Agrawal\AppData\Local\Programs\Python\Python36\Scripts\;C:\Users\Mitul Agrawal\AppData\Local\Programs\Python\Python36\;C:\Users\Mitul Agrawal\AppData\Local\Microsoft\WindowsApps;C:\Users\Mitul Agrawal\AppData\Local\Programs\Microsoft VS Code\bin;
USERNAME=Mitul Agrawal
OS=Windows_NT
PROCESSOR_IDENTIFIER=Intel64 Family 6 Model 158 Stepping 10, GenuineIntel



---------------  S Y S T E M  ---------------

OS: Windows 10 , 64 bit Build 19041 (10.0.19041.1889)
OS uptime: 8 days 3:52 hours

CPU:total 8 (initial active 8) (4 cores per cpu, 2 threads per core) family 6 model 158 stepping 10 microcode 0xde, cmov, cx8, fxsr, mmx, sse, sse2, sse3, ssse3, sse4.1, sse4.2, popcnt, avx, avx2, aes, clmul, erms, 3dnowpref, lzcnt, ht, tsc, tscinvbit, bmi1, bmi2, adx, fma

Memory: 4k page, system-wide physical 16273M (2052M free)
TotalPageFile size 31459M (AvailPageFile size 8M)
current process WorkingSet (physical memory assigned to process): 441M, peak: 443M
current process commit charge ("private bytes"): 528M, peak: 533M

vm_info: OpenJDK 64-Bit Server VM (11.0.12+7-b1504.28-7817840) for windows-amd64 JRE (11.0.12+7-b1504.28-7817840), built on Oct 13 2021 22:12:33 by "builder" with MS VC++ 14.0 (VS2015)

END.
